<?xml version="1.0" encoding="UTF-8"?>
<testsuite name="com.example.bddlearning.tests.ui.login.LoginViewModelTest" tests="4" skipped="0" failures="0" errors="0" timestamp="2022-08-05T07:39:29" hostname="Devs-MacBook-Pro.local" time="0.018">
  <properties/>
  <testcase name="isPasswordValid" classname="com.example.bddlearning.tests.ui.login.LoginViewModelTest" time="0.002"/>
  <testcase name="isEmailValid" classname="com.example.bddlearning.tests.ui.login.LoginViewModelTest" time="0.014"/>
  <testcase name="isPasswordInvalid" classname="com.example.bddlearning.tests.ui.login.LoginViewModelTest" time="0.001"/>
  <testcase name="isEmailInvalid" classname="com.example.bddlearning.tests.ui.login.LoginViewModelTest" time="0.0"/>
  <system-out><![CDATA[]]></system-out>
  <system-err><![CDATA[]]></system-err>
</testsuite>
